DLOGFILE00010000DUMPˆ          
Dump stack initialized at UTC: 2025/12/01 11:42:53, local time: 2025/12/01 18:42:53.
#BugCheckCode 0x000000000000000A
#BugCheckP1 0xFFFFD90C003000E8
#BugCheckP2 0x0000000000000002
#BugCheckP3 0x0000000000000000
#BugCheckP4 0xFFFFF8006F8E387D
Progress 0x00000042
Elapsed BugCheck duration 00001725ms
Starting get secondary dump callbacks size.
Progress 0x00000052
Finish get secondary dump callbacks size.
Dump Type: 4, Total Dump Size: 2766614, Secondary Dump Size: 2628886.
Starting write of dump header.
Finish write of dump header.
Starting write of minidump data.
Finish write of minidump data.
Progress 0x00000044

sfdsfdsfdsfdsfdsfd
sdf dfsdfsdf sdf
sd fsdf

Elapsed BugCheck duration 00003581ms
Starting invoking secondary dump callbacks.
Calling Win32kWPP secondary callback.
Return from Win32kWPP secondary callback.
Writing Win32kWPP secondary callback data.
Writing Win32kWPP secondary callback data done.
Calling Win32kWPP secondary callback.
Return from Win32kWPP secondary callback.
Writing Win32kWPP secondary callback data.
Writing Win32kWPP secondary callback data done.
Calling Win32kWPP secondary callback.
Return from Win32kWPP secondary callback.
Writing Win32kWPP secondary callback data.
Writing Win32kWPP secondary callback data done.
Calling Win32kWPP secondary callback.
Return from Win32kWPP secondary callback.
Writing Win32kWPP secondary callback data.
Writing Win32kWPP secondary callback data done.
Calling Win32kWPP secondary callback.
Return from Win32kWPP secondary callback.
Writing Win32kWPP secondary callback data.
Writing Win32kWPP secondary callback data done.
Calling Win32kWPP secondary callback.
Return from Win32kWPP secondary callback.
Writing Win32kWPP secondary callback data.
Writing Win32kWPP secondary callback data done.
Calling Win32kWPP secondary callback.
Return from Win32kWPP secondary callback.
Writing Win32kWPP secondary callback data.
Writing Win32kWPP secondary callback data done.
Calling Win32kWPP secondary callback.
Return from Win32kWPP secondary callback.
Writing Win32kWPP secondary callback data.
Writing Win32kWPP secondary callback data done.
Calling Win32kWPP secondary callback.
Return from Win32kWPP secondary callback.
Writing Win32kWPP secondary callback data.
Writing Win32kWPP secondary callback data done.
Calling igdkmd64.sys secondary callback.
Return from igdkmd64.sys secondary callback.
Writing igdkmd64.sys secondary callback data.
Writing igdkmd64.sys secondary callback data done.
Calling Win32kWPP secondary callback.
Return from Win32kWPP secondary callback.
Writing Win32kWPP secondary callback data.
Writing Win32kWPP secondary callback data done.
Calling Win32kWPP secondary callback.
Return from Win32kWPP secondary callback.
Writing Win32kWPP secondary callback data.
Writing Win32kWPP secondary callback data done.
Calling Win32kWPP secondary callback.
Return from Win32kWPP secondary callback.
Writing Win32kWPP secondary callback data.
Writing Win32kWPP secondary callback data done.
Calling Win32kWPP secondary callback.
Return from Win32kWPP secondary callback.
Writing Win32kWPP secondary callback data.
Writing Win32kWPP secondary callback data done.
Calling Win32kWPP secondary callback.
Return from Win32kWPP secondary callback.
Writing Win32kWPP secondary callback data.
Writing Win32kWPP secondary callback data done.
Calling Win32kWPP secondary callback.
Return from Win32kWPP secondary callback.
Writing Win32kWPP secondary callback data.
Writing Win32kWPP secondary callback data done.
Calling Win32kWPP secondary callback.
Return from Win32kWPP secondary callback.
Writing Win32kWPP secondary callback data.
Writing Win32kWPP secondary callback data done.
Calling USBXHCI secondary callback.
Return from USBXHCI secondary callback.
Writing USBXHCI secondary callback data.
Writing USBXHCI secondary callback data done.
Calling \Device\DxgKrnl secondary callback.
Return from \Device\DxgKrnl secondary callback.
Writing \Device\DxgKrnl secondary callback data.
Writing \Device\DxgKrnl secondary callback data done.
Calling IoBugCheckDriverData secondary callback.
Return from IoBugCheckDriverData secondary callback.
Writing IoBugCheckDriverData secondary callback data.
Writing IoBugCheckDriverData secondary callback data done.
Calling PortDriverStandard secondary callback.
Return from PortDriverStandard secondary callback.
Writing PortDriverStandard secondary callback data.
Writing PortDriverStandard secondary callback data done.
Calling Wdf01000 secondary callback.
Return from Wdf01000 secondary callback.
Writing Wdf01000 secondary callback data.
Writing Wdf01000 secondary callback data done.
Calling blackbox - CI secondary callback.
Return from blackbox - CI secondary callback.
Writing blackbox - CI secondary callback data.
Writing blackbox - CI secondary callback data done.
Calling blackbox - Winlogon secondary callback.
Return from blackbox - Winlogon secondary callback.
Writing blackbox - Winlogon secondary callback data.
Writing blackbox - Winlogon secondary callback data done.
Calling blackbox - NTFS secondary callback.
Return from blackbox - NTFS secondary callback.
Writing blackbox - NTFS secondary callback data.
Writing blackbox - NTFS secondary callback data done.
Calling blackbox - CrashedProcess secondary callback.
Return from blackbox - CrashedProcess secondary callback.
Writing blackbox - CrashedProcess secondary callback data.
Writing blackbox - CrashedProcess secondary callback data done.
Calling blackbox - PNP secondary callback.
Return from blackbox - PNP secondary callback.
Writing blackbox - PNP secondary callback data.
Writing blackbox - PNP secondary callback data done.
Calling blackbox - BSD secondary callback.
Return from blackbox - BSD secondary callback.
Writing blackbox - BSD secondary callback data.
Writing blackbox - BSD secondary callback data done.
Calling SecureKernelFailureLog secondary callback.
Return from SecureKernelFailureLog secondary callback.
Writing SecureKernelFailureLog secondary callback data.
Writing SecureKernelFailureLog secondary callback data done.
Calling SecureKernelCrashdumpArea secondary callback.
Return from SecureKernelCrashdumpArea secondary callback.
Writing SecureKernelCrashdumpArea secondary callback data.
Writing SecureKernelCrashdumpArea secondary callback data done.
Calling secondary multi-part dump callbacks.
Starting TRIAGEDUMPDATA multi-part secondary callback.
Finish TRIAGEDUMPDATA multi-part secondary callback.
Starting SMBiosData multi-part secondary callback.
Finish SMBiosData multi-part secondary callback.
Starting SMBiosRegistry multi-part secondary callback.
Finish SMBiosRegistry multi-part secondary callback.
Starting SMBiosRegisters multi-part secondary callback.
Finish SMBiosRegisters multi-part secondary callback.
Starting SMBiosDataACPI multi-part secondary callback.
Finish SMBiosDataACPI multi-part secondary callback.
Starting PCI multi-part secondary callback.
Finish PCI multi-part secondary callback.
Starting Etw multi-part secondary callback.
Finish Etw multi-part secondary callback.
Finish calling secondary multi-part dump callbacks.
Progress 0x00000045
Finish invoking secondary dump callbacks.
Starting invoking dump complete callbacks.
Progress 0x00000046
Finish invoking dump complete callbacks.
Dump ended at UTC: 2025/12/01 11:42:53, local time: 2025/12/01 18:42:53.
Elapsed BugCheck duration 00004237ms
Dump completed successfully.
Progress 0x00000053
                                                                                                                                                                                                                                                                                                                                                                                                                                                                                                                                                                                                                                                                                                                                                                                                                                                                                                                                                                                                                                                                                                                                                                                                                                                                                                                                                                                                                                                                                                                                                                                                                                                                                                                                                                                                                                                                                                                                                                                                                                                                                                                                                                                                                                                                                                                                                                                                                                                                                                                                                                                                                                                                                                                                                                                                                                                                                                                                                                                                                                                                                                                                                                                                                                                                                                                                                                                                                                                                                                                                                                                                                                                                                                                                                                                                                                                                                                                                                                                                                                                                                                                                                                                                                                                                                                                                                                                                                                                                                                                                                                                                                                                                                                                                                                                                                                                                                                                        